<?xml version="1.0" encoding="UTF-8"?>
<testng-results ignored="0" total="1" passed="1" failed="0" skipped="0">
  <reporter-output>
  </reporter-output>
  <suite started-at="2022-08-18T14:16:01 EET" name="Surefire suite" finished-at="2022-08-18T14:16:27 EET" duration-ms="25611">
    <groups>
      <group name="cucumber">
        <method signature="AbstractTestNGCucumberTests.runScenario(io.cucumber.testng.PickleWrapper,io.cucumber.testng.FeatureWrapper)[pri:0, instance:org.example.testRunner.R01_Smoke@76908cc0]" name="runScenario" class="io.cucumber.testng.AbstractTestNGCucumberTests"/>
      </group> <!-- cucumber -->
    </groups>
    <test started-at="2022-08-18T14:16:01 EET" name="Surefire test" finished-at="2022-08-18T14:16:27 EET" duration-ms="25611">
      <class name="org.example.testRunner.R01_Smoke">
        <test-method is-config="true" signature="setUpClass(org.testng.ITestContext)[pri:0, instance:org.example.testRunner.R01_Smoke@76908cc0]" started-at="2022-08-18T14:16:01 EET" name="setUpClass" finished-at="2022-08-18T14:16:02 EET" duration-ms="397" status="PASS">
          <params>
            <param index="0">
              <value>
                <![CDATA[org.testng.TestRunner@1dad01fe]]>
              </value>
            </param>
          </params>
          <reporter-output>
          </reporter-output>
        </test-method> <!-- setUpClass -->
        <test-method signature="runScenario(io.cucumber.testng.PickleWrapper,io.cucumber.testng.FeatureWrapper)[pri:0, instance:org.example.testRunner.R01_Smoke@76908cc0]" started-at="2022-08-18T14:16:02 EET" name="runScenario" description="Runs Cucumber Scenarios" data-provider="scenarios" finished-at="2022-08-18T14:16:27 EET" duration-ms="25082" status="PASS">
          <params>
            <param index="0">
              <value>
                <![CDATA["guest user couldn't purchase and item without filling personal information"]]>
              </value>
            </param>
            <param index="1">
              <value>
                <![CDATA["F01_Purchasing | user purchasing and item from vodafone web site"]]>
              </value>
            </param>
          </params>
          <reporter-output>
          </reporter-output>
        </test-method> <!-- runScenario -->
        <test-method is-config="true" signature="tearDownClass()[pri:0, instance:org.example.testRunner.R01_Smoke@76908cc0]" started-at="2022-08-18T14:16:27 EET" name="tearDownClass" finished-at="2022-08-18T14:16:27 EET" duration-ms="103" status="PASS">
          <reporter-output>
          </reporter-output>
        </test-method> <!-- tearDownClass -->
      </class> <!-- org.example.testRunner.R01_Smoke -->
    </test> <!-- Surefire test -->
  </suite> <!-- Surefire suite -->
</testng-results>
