<?xml version="1.0" encoding="UTF-8"?>
<testsuite xmlns:xsi="http://www.w3.org/2001/XMLSchema-instance" xsi:noNamespaceSchemaLocation="https://maven.apache.org/surefire/maven-surefire-plugin/xsd/surefire-test-report-3.0.xsd" version="3.0" name="org.example.testRunner.R01_Smoke" time="25.991" tests="1" errors="0" skipped="0" failures="0">
  <properties>
[...]
</properties>
  <testcase name="runScenario[&quot;guest user couldn&apos;t purchase and item without filling personal information&quot;, &quot;F01_Purchasing | user purchasing and item from vodafone web site&quot;](1)" classname="org.example.testRunner.R01_Smoke" time="25.082">
    <system-out><![CDATA[
@smoke
Scenario: guest user couldn't purchase and item without filling personal information &amp#27;[90m# src/main/resources/features/F01_Purchasing.feature:4&amp#27;[0m
  &amp#27;[32mGiven &amp#27;[0m&amp#27;[32mGo to Vodafone Shop using URL.&amp#27;[0m                                               &amp#27;[90m# org.example.stepDefinitions.SD01_Purchasing.go_to_vodafone_shop_using_url()&amp#27;[0m
  &amp#27;[32mWhen &amp#27;[0m&amp#27;[32mSelect language as English.&amp#27;[0m                                                   &amp#27;[90m# org.example.stepDefinitions.SD01_Purchasing.select_language_as_english()&amp#27;[0m
  &amp#27;[32mAnd &amp#27;[0m&amp#27;[32mGo to Shop By Brand section and select Iphone.&amp#27;[0m                                 &amp#27;[90m# org.example.stepDefinitions.SD01_Purchasing.go_to_shop_by_brand_section_and_select_iphone()&amp#27;[0m
  &amp#27;[32mAnd &amp#27;[0m&amp#27;[32mSelect any of returned iphone mobiles.&amp#27;[0m                                         &amp#27;[90m# org.example.stepDefinitions.SD01_Purchasing.select_any_of_returned_iphone_mobiles()&amp#27;[0m
  &amp#27;[32mAnd &amp#27;[0m&amp#27;[32mPress add to cart&amp#27;[0m                                                              &amp#27;[90m# org.example.stepDefinitions.SD01_Purchasing.press_add_to_cart()&amp#27;[0m
  &amp#27;[32mAnd &amp#27;[0m&amp#27;[32mPress proceed to checkout&amp#27;[0m                                                      &amp#27;[90m# org.example.stepDefinitions.SD01_Purchasing.press_proceed_to_checkout()&amp#27;[0m
  &amp#27;[32mAnd &amp#27;[0m&amp#27;[32mSelect Delivery Options as Cairo Ain Shams.&amp#27;[0m                                    &amp#27;[90m# org.example.stepDefinitions.SD01_Purchasing.select_delivery_options_as_cairo_ain_shams()&amp#27;[0m
  &amp#27;[32mAnd &amp#27;[0m&amp#27;[32mSelect Deliver to My Address.&amp#27;[0m                                                  &amp#27;[90m# org.example.stepDefinitions.SD01_Purchasing.select_deliver_to_my_address()&amp#27;[0m
  &amp#27;[32mAnd &amp#27;[0m&amp#27;[32mAdd address details&amp#27;[0m                                                            &amp#27;[90m# org.example.stepDefinitions.SD01_Purchasing.add_address_details()&amp#27;[0m
  &amp#27;[32mAnd &amp#27;[0m&amp#27;[32mPress continue&amp#27;[0m                                                                 &amp#27;[90m# org.example.stepDefinitions.SD01_Purchasing.press_continue()&amp#27;[0m
  &amp#27;[32mAnd &amp#27;[0m&amp#27;[32mLeave Personal info. Tab empty.&amp#27;[0m                                                &amp#27;[90m# org.example.stepDefinitions.SD01_Purchasing.leave_personal_info_tab_empty()&amp#27;[0m
  &amp#27;[32mThen &amp#27;[0m&amp#27;[32mAssert on error message returned from Full Name field.&amp#27;[0m                        &amp#27;[90m# org.example.stepDefinitions.SD01_Purchasing.assert_on_error_message_returned_from_full_name_field()&amp#27;[0m
]]></system-out>
    <system-err><![CDATA[SLF4J: Failed to load class "org.slf4j.impl.StaticLoggerBinder".
SLF4J: Defaulting to no-operation (NOP) logger implementation
SLF4J: See http://www.slf4j.org/codes.html#StaticLoggerBinder for further details.
Starting ChromeDriver 104.0.5112.79 (3cf3e8c8a07d104b9e1260c910efb8f383285dc5-refs/branch-heads/5112@{#1307}) on port 64533
Only local connections are allowed.
Please see https://chromedriver.chromium.org/security-considerations for suggestions on keeping ChromeDriver safe.
ChromeDriver was started successfully.
Aug 18, 2022 2:16:04 PM org.openqa.selenium.remote.ProtocolHandshake createSession
INFO: Detected dialect: W3C
Aug 18, 2022 2:16:04 PM org.openqa.selenium.devtools.CdpVersionFinder findNearestMatch
WARNING: Unable to find an exact match for CDP version 104, so returning the closest version found: 101
Aug 18, 2022 2:16:04 PM org.openqa.selenium.devtools.CdpVersionFinder findNearestMatch
INFO: Found CDP implementation for version 104 of 101
]]></system-err>
  </testcase>
</testsuite>